{
  "RSpec": {
    "coverage": {
      "/Users/sofianegargouri/Development/LetsDev/spec/models/challenge_rating_criterium_spec.rb": [
        1,
        null,
        1,
        1,
        1,
        null,
        null,
        1,
        1,
        1,
        1,
        null,
        null,
        null,
        null
      ],
      "/Users/sofianegargouri/Development/LetsDev/spec/models/challenge_spec.rb": [
        1,
        null,
        1,
        1,
        1,
        null,
        null,
        1,
        1,
        1,
        1,
        null,
        null,
        1,
        1,
        null,
        null,
        1,
        1,
        null,
        null,
        1,
        1,
        null,
        null,
        1,
        1,
        null,
        null,
        null,
        null
      ],
      "/Users/sofianegargouri/Development/LetsDev/spec/models/contact_spec.rb": [
        1,
        null,
        1,
        1,
        1,
        null,
        null,
        1,
        1,
        1,
        1,
        null,
        null,
        null,
        null
      ],
      "/Users/sofianegargouri/Development/LetsDev/app/models/contact.rb": [
        1,
        1,
        null,
        1,
        null
      ],
      "/Users/sofianegargouri/Development/LetsDev/spec/models/desk_spec.rb": [
        1,
        null,
        1,
        1,
        1,
        null,
        null,
        1,
        1,
        1,
        1,
        null,
        null,
        1,
        1,
        null,
        null,
        null,
        null
      ],
      "/Users/sofianegargouri/Development/LetsDev/spec/models/desk_user_membership_spec.rb": [
        1,
        null,
        1,
        1,
        1,
        null,
        null
      ],
      "/Users/sofianegargouri/Development/LetsDev/spec/models/financial_movement_spec.rb": [
        1,
        null,
        1,
        1,
        1,
        null,
        null
      ],
      "/Users/sofianegargouri/Development/LetsDev/app/models/financial_movement.rb": [
        1,
        1,
        null
      ],
      "/Users/sofianegargouri/Development/LetsDev/spec/models/jury_challenge_membership_invitation_spec.rb": [
        1,
        null,
        1,
        1,
        1,
        null,
        null
      ],
      "/Users/sofianegargouri/Development/LetsDev/app/models/jury_challenge_membership_invitation.rb": [
        1,
        1,
        1,
        null,
        1,
        null,
        1,
        null,
        1,
        1,
        1,
        null,
        1,
        0,
        null,
        null
      ],
      "/Users/sofianegargouri/Development/LetsDev/spec/models/jury_challenge_membership_request_spec.rb": [
        1,
        null,
        1,
        1,
        1,
        null,
        null
      ],
      "/Users/sofianegargouri/Development/LetsDev/spec/models/jury_challenge_membership_spec.rb": [
        1,
        null,
        1,
        1,
        1,
        null,
        null
      ],
      "/Users/sofianegargouri/Development/LetsDev/spec/models/jury_challenge_rate_spec.rb": [
        1,
        null,
        1,
        1,
        1,
        null,
        null,
        1,
        1,
        5,
        5,
        null,
        null,
        1,
        1,
        1,
        null,
        null,
        1,
        1,
        1,
        null,
        null,
        1,
        1,
        1,
        null,
        null,
        1,
        1,
        1,
        null,
        null,
        1,
        1,
        1,
        null,
        null,
        null
      ],
      "/Users/sofianegargouri/Development/LetsDev/app/models/jury_challenge_rate.rb": [
        1,
        1,
        1,
        1,
        1,
        1,
        1,
        null,
        null
      ],
      "/Users/sofianegargouri/Development/LetsDev/spec/models/language_set_membership_spec.rb": [
        1,
        null,
        1,
        1,
        1,
        null,
        null
      ],
      "/Users/sofianegargouri/Development/LetsDev/spec/models/language_set_spec.rb": [
        1,
        null,
        1,
        1,
        1,
        null,
        null
      ],
      "/Users/sofianegargouri/Development/LetsDev/spec/models/language_spec.rb": [
        1,
        null,
        1,
        1,
        1,
        null,
        null
      ],
      "/Users/sofianegargouri/Development/LetsDev/spec/models/subscription_spec.rb": [
        1,
        null,
        1,
        1,
        1,
        null,
        null
      ],
      "/Users/sofianegargouri/Development/LetsDev/app/models/subscription.rb": [
        1,
        1,
        1,
        null
      ],
      "/Users/sofianegargouri/Development/LetsDev/spec/models/team_challenge_membership_spec.rb": [
        1,
        null,
        1,
        1,
        9,
        9,
        null,
        null,
        1,
        1,
        null,
        null,
        1,
        1,
        1,
        1,
        null,
        null,
        1,
        1,
        null,
        null,
        1,
        1,
        null,
        null,
        null,
        1,
        1,
        1,
        1,
        null,
        null,
        null,
        null,
        1,
        1,
        1,
        null,
        null,
        null,
        null,
        null,
        null,
        1,
        4,
        4,
        4,
        null,
        null,
        null,
        null,
        1,
        1,
        3,
        3,
        null,
        null,
        1,
        1,
        1,
        null,
        null,
        1,
        1,
        1,
        null,
        null,
        1,
        1,
        1,
        null,
        null,
        null
      ],
      "/Users/sofianegargouri/Development/LetsDev/spec/models/team_spec.rb": [
        1,
        null,
        1,
        1,
        1,
        null,
        null,
        1,
        1,
        1,
        1,
        null,
        null,
        null,
        1,
        1,
        1,
        1,
        null,
        null,
        null,
        null,
        1,
        1,
        4,
        4,
        null,
        null,
        1,
        1,
        1,
        null,
        null,
        1,
        1,
        1,
        null,
        null,
        1,
        1,
        1,
        null,
        null,
        1,
        1,
        1,
        null,
        null,
        null
      ],
      "/Users/sofianegargouri/Development/LetsDev/spec/models/team_user_membership_invitation_spec.rb": [
        1,
        null,
        1,
        1,
        1,
        null,
        null,
        1,
        1,
        1,
        1,
        null,
        null,
        1,
        1,
        null,
        null,
        null,
        1,
        1,
        1,
        1,
        null,
        null,
        null,
        null,
        1,
        1,
        4,
        4,
        null,
        null,
        1,
        1,
        1,
        null,
        null,
        1,
        1,
        1,
        null,
        null,
        1,
        1,
        1,
        null,
        null,
        1,
        1,
        null,
        null,
        null,
        null,
        null,
        null,
        null,
        null,
        null,
        null,
        null,
        null,
        null,
        null,
        null,
        null,
        null,
        null,
        null,
        null,
        null,
        null,
        null,
        null,
        null,
        null,
        null,
        null,
        null,
        null,
        null
      ],
      "/Users/sofianegargouri/Development/LetsDev/app/models/team_user_membership_invitation.rb": [
        1,
        1,
        1,
        null,
        1,
        null,
        1,
        null,
        1,
        1,
        1,
        null,
        1,
        1,
        null,
        null
      ],
      "/Users/sofianegargouri/Development/LetsDev/spec/models/team_user_membership_request_spec.rb": [
        1,
        null,
        1,
        1,
        1,
        null,
        null
      ],
      "/Users/sofianegargouri/Development/LetsDev/app/models/team_user_membership_request.rb": [
        1,
        1,
        1,
        1,
        null,
        1,
        null,
        1,
        null,
        1,
        null,
        1,
        1,
        0,
        null,
        null
      ],
      "/Users/sofianegargouri/Development/LetsDev/spec/models/team_user_membership_spec.rb": [
        1,
        null,
        1,
        1,
        1,
        null,
        null,
        1,
        1,
        1,
        1,
        null,
        null,
        1,
        1,
        null,
        null,
        null,
        1,
        1,
        1,
        1,
        1,
        1,
        null,
        null,
        1,
        1,
        1,
        1,
        1,
        null,
        null,
        null,
        null,
        1,
        1,
        7,
        7,
        null,
        null,
        1,
        1,
        1,
        null,
        null,
        1,
        1,
        1,
        null,
        null,
        1,
        1,
        1,
        null,
        null,
        1,
        1,
        1,
        null,
        null,
        1,
        1,
        1,
        null,
        null,
        1,
        1,
        1,
        null,
        null,
        1,
        1,
        null,
        null,
        null
      ],
      "/Users/sofianegargouri/Development/LetsDev/app/models/team_user_membership.rb": [
        1,
        1,
        1,
        null,
        1,
        null,
        1,
        1,
        null,
        55,
        18,
        13,
        null,
        1,
        1,
        45,
        null,
        null,
        1,
        45,
        null,
        null
      ],
      "/Users/sofianegargouri/Development/LetsDev/spec/models/user_spec.rb": [
        1,
        null,
        1,
        1,
        1,
        null,
        null,
        1,
        1,
        1,
        1,
        null,
        null,
        1,
        1,
        null,
        null,
        null,
        1,
        1,
        1,
        1,
        null,
        null,
        1,
        1,
        1,
        null,
        null,
        null,
        null
      ],
      "/Users/sofianegargouri/Development/LetsDev/app/models/ability.rb": [
        1,
        1,
        null,
        1,
        23,
        23,
        0,
        null,
        23,
        0,
        null,
        null,
        23,
        3,
        null,
        null,
        23,
        1,
        null,
        null,
        23,
        3,
        null,
        null,
        23,
        7,
        null,
        null,
        23,
        4,
        null,
        null,
        23,
        5,
        null,
        null,
        null,
        null
      ],
      "/Users/sofianegargouri/Development/LetsDev/app/mailers/team_invitation_mailer.rb": [
        1,
        1,
        0,
        0,
        null,
        null
      ],
      "/Users/sofianegargouri/Development/LetsDev/app/mailers/application_mailer.rb": [
        1,
        1,
        1,
        null
      ]
    },
    "timestamp": 1511294478
  }
}
