{
  "RSpec": {
    "coverage": {
      "/Users/sofianegargouri/Development/LetsDev/app/models/challenge_rating_criterium.rb": [
        1,
        1,
        1,
        null
      ],
      "/Users/sofianegargouri/Development/LetsDev/app/models/contact.rb": [
        1,
        1,
        null,
        1,
        null
      ],
      "/Users/sofianegargouri/Development/LetsDev/app/models/financial_movement.rb": [
        1,
        1,
        null
      ],
      "/Users/sofianegargouri/Development/LetsDev/app/models/jury_challenge_membership_invitation.rb": [
        1,
        1,
        1,
        null,
        1,
        null,
        1,
        null,
        1,
        1,
        1,
        null,
        1,
        0,
        null,
        null
      ],
      "/Users/sofianegargouri/Development/LetsDev/app/models/jury_challenge_rate.rb": [
        1,
        1,
        1,
        1,
        1,
        1,
        1,
        null,
        null
      ],
      "/Users/sofianegargouri/Development/LetsDev/app/models/subscription.rb": [
        1,
        1,
        1,
        null
      ],
      "/Users/sofianegargouri/Development/LetsDev/app/models/team_user_membership_invitation.rb": [
        1,
        1,
        1,
        null,
        1,
        null,
        1,
        null,
        1,
        1,
        1,
        null,
        1,
        1,
        null,
        null
      ],
      "/Users/sofianegargouri/Development/LetsDev/app/models/team_user_membership_request.rb": [
        1,
        1,
        1,
        1,
        null,
        1,
        null,
        1,
        null,
        1,
        null,
        1,
        1,
        0,
        null,
        null
      ],
      "/Users/sofianegargouri/Development/LetsDev/app/models/team_user_membership.rb": [
        1,
        1,
        1,
        null,
        1,
        null,
        1,
        1,
        null,
        50,
        18,
        13,
        null,
        1,
        1,
        41,
        null,
        null,
        1,
        41,
        null,
        null
      ],
      "/Users/sofianegargouri/Development/LetsDev/app/models/ability.rb": [
        1,
        1,
        null,
        1,
        23,
        23,
        0,
        null,
        23,
        0,
        null,
        null,
        23,
        3,
        null,
        null,
        23,
        1,
        null,
        null,
        23,
        3,
        null,
        null,
        23,
        7,
        null,
        null,
        23,
        4,
        null,
        null,
        23,
        5,
        null,
        null,
        null,
        null
      ],
      "/Users/sofianegargouri/Development/LetsDev/app/mailers/team_invitation_mailer.rb": [
        1,
        1,
        0,
        0,
        null,
        null
      ],
      "/Users/sofianegargouri/Development/LetsDev/app/mailers/application_mailer.rb": [
        1,
        1,
        1,
        null
      ],
      "/Users/sofianegargouri/Development/LetsDev/app/admin/challenge.rb": [
        0,
        0,
        0,
        0,
        0,
        0,
        0
      ],
      "/Users/sofianegargouri/Development/LetsDev/app/admin/dashboard.rb": [
        0,
        0,
        0,
        0,
        0,
        0,
        0,
        0,
        0,
        0,
        0,
        0,
        0,
        0,
        0,
        0,
        0,
        0,
        0,
        0,
        0,
        0,
        0,
        0,
        0,
        0,
        0,
        0,
        0
      ],
      "/Users/sofianegargouri/Development/LetsDev/app/admin/desk.rb": [
        0,
        0,
        0,
        0,
        0,
        0,
        0
      ],
      "/Users/sofianegargouri/Development/LetsDev/app/admin/desk_user_membership.rb": [
        0,
        0,
        0,
        0,
        0,
        0,
        0
      ],
      "/Users/sofianegargouri/Development/LetsDev/app/admin/jury_challenge_membership.rb": [
        0,
        0,
        0,
        0,
        0,
        0,
        0
      ],
      "/Users/sofianegargouri/Development/LetsDev/app/admin/jury_challenge_membership_request.rb": [
        0,
        0,
        0,
        0,
        0,
        0
      ],
      "/Users/sofianegargouri/Development/LetsDev/app/admin/language.rb": [
        0,
        0,
        0,
        0,
        0,
        0,
        0,
        0,
        0,
        0,
        0,
        0,
        0,
        0,
        0,
        0,
        0
      ],
      "/Users/sofianegargouri/Development/LetsDev/app/admin/language_set.rb": [
        0,
        0,
        0,
        0,
        0,
        0,
        0
      ],
      "/Users/sofianegargouri/Development/LetsDev/app/admin/language_set_membership.rb": [
        0,
        0,
        0,
        0,
        0,
        0,
        0
      ],
      "/Users/sofianegargouri/Development/LetsDev/app/admin/team.rb": [
        0,
        0,
        0,
        0,
        0,
        0,
        0,
        0,
        0,
        0,
        0,
        0,
        0
      ],
      "/Users/sofianegargouri/Development/LetsDev/app/admin/team_challenge_membership.rb": [
        0,
        0,
        0,
        0
      ],
      "/Users/sofianegargouri/Development/LetsDev/app/admin/user.rb": [
        0,
        0,
        0,
        0,
        0,
        0,
        0,
        0,
        0,
        0,
        0,
        0,
        0,
        0,
        0,
        0,
        0,
        0,
        0,
        0,
        0,
        0,
        0,
        0,
        0,
        0,
        0,
        0
      ],
      "/Users/sofianegargouri/Development/LetsDev/app/channels/application_cable/channel.rb": [
        0,
        0,
        0,
        0
      ],
      "/Users/sofianegargouri/Development/LetsDev/app/channels/application_cable/connection.rb": [
        0,
        0,
        0,
        0
      ],
      "/Users/sofianegargouri/Development/LetsDev/app/controllers/application_controller.rb": [
        0,
        0,
        0,
        0,
        0,
        0,
        0,
        0,
        0,
        0,
        0,
        0,
        0,
        0,
        0,
        0,
        0,
        0,
        0,
        0,
        0,
        0,
        0,
        0,
        0,
        0,
        0,
        0,
        0
      ],
      "/Users/sofianegargouri/Development/LetsDev/app/controllers/challenges_controller.rb": [
        0,
        0,
        0,
        0,
        0,
        0,
        0,
        0,
        0,
        0,
        0,
        0,
        0,
        0,
        0,
        0
      ],
      "/Users/sofianegargouri/Development/LetsDev/app/controllers/home_controller.rb": [
        0,
        0,
        0,
        0,
        0
      ],
      "/Users/sofianegargouri/Development/LetsDev/app/controllers/jury_challenge_membership_invitations_controller.rb": [
        0,
        0,
        0,
        0,
        0,
        0,
        0,
        0,
        0,
        0,
        0,
        0,
        0,
        0,
        0,
        0,
        0,
        0,
        0,
        0,
        0,
        0,
        0,
        0,
        0,
        0,
        0,
        0,
        0,
        0,
        0,
        0,
        0,
        0,
        0,
        0,
        0,
        0,
        0,
        0,
        0,
        0,
        0,
        0,
        0,
        0,
        0,
        0,
        0,
        0,
        0,
        0,
        0,
        0,
        0,
        0,
        0,
        0,
        0,
        0,
        0,
        0,
        0,
        0,
        0,
        0,
        0,
        0,
        0,
        0
      ],
      "/Users/sofianegargouri/Development/LetsDev/app/controllers/manager/base_controller.rb": [
        0,
        0,
        0,
        0,
        0,
        0,
        0,
        0,
        0,
        0
      ],
      "/Users/sofianegargouri/Development/LetsDev/app/controllers/manager/challenges_controller.rb": [
        0,
        0,
        0,
        0,
        0,
        0,
        0,
        0,
        0,
        0,
        0,
        0,
        0,
        0,
        0,
        0,
        0,
        0,
        0,
        0,
        0
      ],
      "/Users/sofianegargouri/Development/LetsDev/app/controllers/manager/dashboard_controller.rb": [
        0,
        0,
        0,
        0,
        0,
        0,
        0,
        0,
        0,
        0,
        0,
        0,
        0,
        0,
        0
      ],
      "/Users/sofianegargouri/Development/LetsDev/app/controllers/manager/jury_challenge_membership_requests_controller.rb": [
        0,
        0,
        0,
        0,
        0,
        0,
        0,
        0,
        0,
        0,
        0
      ],
      "/Users/sofianegargouri/Development/LetsDev/app/controllers/manager/jury_challenge_rates_controller.rb": [
        0,
        0,
        0,
        0,
        0,
        0,
        0,
        0,
        0,
        0,
        0,
        0,
        0,
        0,
        0,
        0,
        0,
        0,
        0,
        0,
        0,
        0,
        0,
        0,
        0,
        0,
        0,
        0,
        0,
        0,
        0,
        0
      ],
      "/Users/sofianegargouri/Development/LetsDev/app/controllers/manager/me_controller.rb": [
        0,
        0,
        0,
        0,
        0,
        0,
        0,
        0,
        0,
        0,
        0,
        0,
        0,
        0,
        0,
        0,
        0,
        0,
        0,
        0,
        0,
        0,
        0,
        0,
        0,
        0,
        0,
        0,
        0,
        0,
        0,
        0,
        0,
        0,
        0,
        0,
        0,
        0,
        0,
        0,
        0,
        0,
        0,
        0,
        0,
        0,
        0,
        0,
        0,
        0,
        0,
        0,
        0,
        0,
        0,
        0,
        0,
        0,
        0,
        0,
        0,
        0,
        0,
        0,
        0,
        0,
        0,
        0,
        0,
        0,
        0,
        0,
        0,
        0,
        0,
        0,
        0,
        0,
        0,
        0,
        0,
        0,
        0,
        0,
        0,
        0,
        0
      ],
      "/Users/sofianegargouri/Development/LetsDev/app/controllers/manager/team_challenge_memberships_controller.rb": [
        0,
        0,
        0,
        0,
        0,
        0,
        0,
        0,
        0,
        0,
        0,
        0,
        0,
        0,
        0,
        0,
        0,
        0
      ],
      "/Users/sofianegargouri/Development/LetsDev/app/controllers/manager/team_user_membership_requests_controller.rb": [
        0,
        0,
        0,
        0,
        0,
        0,
        0,
        0,
        0,
        0,
        0,
        0,
        0,
        0,
        0,
        0,
        0,
        0,
        0,
        0,
        0,
        0,
        0,
        0,
        0,
        0,
        0,
        0,
        0,
        0,
        0,
        0,
        0,
        0
      ],
      "/Users/sofianegargouri/Development/LetsDev/app/controllers/manager/teams_controller.rb": [
        0,
        0,
        0,
        0,
        0,
        0,
        0,
        0,
        0,
        0,
        0,
        0,
        0,
        0,
        0,
        0,
        0,
        0,
        0,
        0,
        0,
        0,
        0,
        0,
        0,
        0,
        0,
        0,
        0,
        0,
        0,
        0,
        0,
        0,
        0,
        0,
        0,
        0,
        0,
        0,
        0,
        0,
        0,
        0,
        0,
        0,
        0,
        0,
        0,
        0,
        0,
        0,
        0,
        0,
        0,
        0,
        0,
        0,
        0,
        0,
        0,
        0,
        0,
        0,
        0,
        0,
        0,
        0,
        0,
        0,
        0,
        0,
        0,
        0,
        0,
        0,
        0
      ],
      "/Users/sofianegargouri/Development/LetsDev/app/controllers/team_user_membership_invitations_controller.rb": [
        0,
        0,
        0,
        0,
        0,
        0,
        0,
        0,
        0,
        0,
        0,
        0,
        0,
        0,
        0,
        0,
        0,
        0,
        0,
        0,
        0,
        0,
        0,
        0,
        0,
        0,
        0,
        0,
        0,
        0,
        0,
        0,
        0,
        0,
        0,
        0,
        0,
        0,
        0,
        0,
        0,
        0,
        0,
        0,
        0,
        0,
        0,
        0,
        0,
        0,
        0,
        0,
        0,
        0,
        0,
        0,
        0,
        0,
        0,
        0,
        0,
        0,
        0,
        0,
        0,
        0,
        0,
        0,
        0,
        0
      ],
      "/Users/sofianegargouri/Development/LetsDev/app/controllers/users/omniauth_callbacks_controller.rb": [
        0,
        0,
        0,
        0,
        0,
        0,
        0,
        0,
        0,
        0,
        0,
        0,
        0,
        0,
        0,
        0,
        0,
        0,
        0,
        0,
        0,
        0,
        0,
        0,
        0,
        0,
        0,
        0,
        0,
        0,
        0,
        0,
        0,
        0,
        0,
        0,
        0,
        0,
        0,
        0,
        0,
        0,
        0,
        0,
        0,
        0,
        0,
        0,
        0
      ],
      "/Users/sofianegargouri/Development/LetsDev/app/helpers/application_helper.rb": [
        0,
        0
      ],
      "/Users/sofianegargouri/Development/LetsDev/app/helpers/challenges_helper.rb": [
        0,
        0
      ],
      "/Users/sofianegargouri/Development/LetsDev/app/helpers/contacts_helper.rb": [
        0,
        0
      ],
      "/Users/sofianegargouri/Development/LetsDev/app/helpers/desk_user_memberships_helper.rb": [
        0,
        0
      ],
      "/Users/sofianegargouri/Development/LetsDev/app/helpers/desks_helper.rb": [
        0,
        0
      ],
      "/Users/sofianegargouri/Development/LetsDev/app/helpers/financial_movements_helper.rb": [
        0,
        0
      ],
      "/Users/sofianegargouri/Development/LetsDev/app/helpers/home_helper.rb": [
        0,
        0
      ],
      "/Users/sofianegargouri/Development/LetsDev/app/helpers/jury_challenge_memberships_helper.rb": [
        0,
        0
      ],
      "/Users/sofianegargouri/Development/LetsDev/app/helpers/language_set_memberships_helper.rb": [
        0,
        0
      ],
      "/Users/sofianegargouri/Development/LetsDev/app/helpers/language_sets_helper.rb": [
        0,
        0
      ],
      "/Users/sofianegargouri/Development/LetsDev/app/helpers/languages_helper.rb": [
        0,
        0
      ],
      "/Users/sofianegargouri/Development/LetsDev/app/helpers/manager/application_helper.rb": [
        0,
        0,
        0,
        0,
        0,
        0,
        0,
        0,
        0,
        0,
        0,
        0,
        0,
        0,
        0,
        0,
        0,
        0,
        0,
        0,
        0
      ],
      "/Users/sofianegargouri/Development/LetsDev/app/helpers/manager/jury_challenge_membership_requests_helper.rb": [
        0,
        0
      ],
      "/Users/sofianegargouri/Development/LetsDev/app/helpers/manager/jury_challenge_rates_helper.rb": [
        0,
        0
      ],
      "/Users/sofianegargouri/Development/LetsDev/app/helpers/manager/teams_helper.rb": [
        0,
        0
      ],
      "/Users/sofianegargouri/Development/LetsDev/app/helpers/subscriptions_helper.rb": [
        0,
        0
      ],
      "/Users/sofianegargouri/Development/LetsDev/app/helpers/team_challenge_memberships_helper.rb": [
        0,
        0
      ],
      "/Users/sofianegargouri/Development/LetsDev/app/jobs/application_job.rb": [
        0,
        0
      ],
      "/Users/sofianegargouri/Development/LetsDev/app/mailers/jury_invitation_mailer.rb": [
        0,
        0,
        0,
        0,
        0,
        0
      ],
      "/Users/sofianegargouri/Development/LetsDev/app/models/application_record.rb": [
        0,
        0,
        0
      ],
      "/Users/sofianegargouri/Development/LetsDev/app/models/challenge.rb": [
        0,
        0,
        0,
        0,
        0,
        0,
        0,
        0,
        0,
        0,
        0,
        0,
        0,
        0,
        0,
        0,
        0,
        0,
        0,
        0,
        0,
        0,
        0,
        0
      ],
      "/Users/sofianegargouri/Development/LetsDev/app/models/desk.rb": [
        0,
        0,
        0,
        0,
        0,
        0,
        0,
        0,
        0,
        0,
        0,
        0,
        0
      ],
      "/Users/sofianegargouri/Development/LetsDev/app/models/desk_user_membership.rb": [
        0,
        0,
        0,
        0
      ],
      "/Users/sofianegargouri/Development/LetsDev/app/models/jury_challenge_membership.rb": [
        0,
        0,
        0,
        0
      ],
      "/Users/sofianegargouri/Development/LetsDev/app/models/jury_challenge_membership_request.rb": [
        0,
        0,
        0,
        0,
        0,
        0,
        0,
        0,
        0,
        0,
        0,
        0,
        0,
        0,
        0,
        0,
        0,
        0,
        0,
        0,
        0
      ],
      "/Users/sofianegargouri/Development/LetsDev/app/models/language.rb": [
        0,
        0,
        0,
        0,
        0,
        0,
        0,
        0,
        0,
        0,
        0,
        0,
        0,
        0,
        0,
        0,
        0,
        0,
        0,
        0,
        0,
        0,
        0,
        0
      ],
      "/Users/sofianegargouri/Development/LetsDev/app/models/language_set.rb": [
        0,
        0,
        0,
        0
      ],
      "/Users/sofianegargouri/Development/LetsDev/app/models/language_set_membership.rb": [
        0,
        0,
        0,
        0
      ],
      "/Users/sofianegargouri/Development/LetsDev/app/models/team.rb": [
        0,
        0,
        0,
        0,
        0,
        0,
        0,
        0,
        0,
        0,
        0,
        0,
        0,
        0,
        0,
        0,
        0,
        0,
        0,
        0,
        0,
        0,
        0,
        0,
        0,
        0,
        0,
        0,
        0,
        0,
        0,
        0,
        0,
        0,
        0,
        0,
        0,
        0,
        0,
        0,
        0,
        0,
        0
      ],
      "/Users/sofianegargouri/Development/LetsDev/app/models/team_challenge_membership.rb": [
        0,
        0,
        0,
        0,
        0,
        0,
        0,
        0,
        0,
        0,
        0,
        0,
        0,
        0,
        0,
        0,
        0,
        0,
        0,
        0,
        0,
        0,
        0,
        0,
        0,
        0,
        0
      ],
      "/Users/sofianegargouri/Development/LetsDev/app/models/user.rb": [
        0,
        0,
        0,
        0,
        0,
        0,
        0,
        0,
        0,
        0,
        0,
        0,
        0,
        0,
        0,
        0,
        0,
        0,
        0,
        0,
        0,
        0,
        0,
        0,
        0,
        0,
        0,
        0,
        0,
        0,
        0,
        0,
        0,
        0,
        0,
        0,
        0,
        0,
        0,
        0,
        0,
        0,
        0,
        0,
        0,
        0,
        0,
        0,
        0,
        0,
        0,
        0,
        0,
        0,
        0,
        0,
        0,
        0,
        0,
        0,
        0,
        0,
        0,
        0,
        0,
        0,
        0,
        0,
        0,
        0,
        0,
        0,
        0,
        0,
        0,
        0,
        0,
        0,
        0,
        0,
        0,
        0,
        0,
        0,
        0,
        0,
        0,
        0,
        0,
        0,
        0,
        0,
        0,
        0,
        0
      ]
    },
    "timestamp": 1504810061
  }
}
